<?xml version="1.0" encoding="UTF-8"?>
<!-- Generated by org.testng.reporters.JUnitReportReporter -->
<testsuite hostname="DESKTOP-3BAIA4A" failures="0" tests="1" name="day3.LoggingDemo" time="18.285" errors="0" timestamp="2025-09-03T02:31:14 IST" skipped="0">
  <testcase classname="day3.LoggingDemo" name="testlogs" time="18.285"/>
</testsuite> <!-- day3.LoggingDemo -->
