<?xml version="1.0" encoding="UTF-8"?>
<!-- Generated by org.testng.reporters.JUnitReportReporter -->
<testsuite hostname="DESKTOP-3BAIA4A" failures="0" tests="1" name="day6.XMLSchemaValidation" time="5.768" errors="0" timestamp="2025-09-05T01:00:15 IST" skipped="0">
  <testcase classname="day6.XMLSchemaValidation" name="xmlschemavalidation" time="5.768"/>
</testsuite> <!-- day6.XMLSchemaValidation -->
