<?xml version="1.0" encoding="UTF-8"?>
<!-- Generated by org.testng.reporters.JUnitReportReporter -->
<testsuite hostname="DESKTOP-3BAIA4A" failures="0" tests="1" name="day5.ParsingXMLResponse" time="8.308" errors="0" timestamp="2025-09-03T22:21:08 IST" skipped="0">
  <testcase classname="day5.ParsingXMLResponse" name="testXMLresponseBody" time="8.308"/>
</testsuite> <!-- day5.ParsingXMLResponse -->
