<?xml version="1.0" encoding="UTF-8"?>
<!-- Generated by org.testng.reporters.JUnitReportReporter -->
<testsuite hostname="DESKTOP-3BAIA4A" failures="0" tests="2" name="day4.ParsingJSONResponseData" time="8.035" errors="0" timestamp="2025-09-03T03:19:49 IST" skipped="0">
  <testcase classname="day4.ParsingJSONResponseData" name="testJSONResponse" time="7.948"/>
  <testcase classname="day4.ParsingJSONResponseData" name="TestJSONResponseBodyData" time="0.087"/>
</testsuite> <!-- day4.ParsingJSONResponseData -->
