<?xml version="1.0" encoding="UTF-8"?>
<!-- Generated by org.testng.reporters.JUnitReportReporter -->
<testsuite hostname="DESKTOP-3BAIA4A" failures="0" tests="1" name="day7.FakerDataGenerator" time="0.784" errors="0" timestamp="2025-09-05T02:39:24 IST" skipped="0">
  <testcase classname="day7.FakerDataGenerator" name="testGenerateDummyData" time="0.784"/>
</testsuite> <!-- day7.FakerDataGenerator -->
