<?xml version="1.0" encoding="UTF-8"?>
<!-- Generated by org.testng.reporters.JUnitReportReporter -->
<testsuite hostname="DESKTOP-3BAIA4A" failures="0" tests="1" name="day6.JSONSchemaValidation" time="7.987" errors="0" timestamp="2025-09-05T00:38:06 IST" skipped="0">
  <testcase classname="day6.JSONSchemaValidation" name="jsonschemavalidation" time="7.987"/>
</testsuite> <!-- day6.JSONSchemaValidation -->
