<?xml version="1.0" encoding="UTF-8"?>
<!-- Generated by org.testng.reporters.JUnitReportReporter -->
<testsuite hostname="DESKTOP-3BAIA4A" failures="0" tests="2" name="day2.DiffWaysToCreatePostRequestBody" time="7.326" errors="0" timestamp="2025-09-03T01:18:57 IST" skipped="0">
  <testcase classname="day2.DiffWaysToCreatePostRequestBody" name="testdatausingExternalJSONFile" time="7.163"/>
  <testcase classname="day2.DiffWaysToCreatePostRequestBody" name="testDelete" time="0.163"/>
</testsuite> <!-- day2.DiffWaysToCreatePostRequestBody -->
