<?xml version="1.0" encoding="UTF-8"?>
<!-- Generated by org.testng.reporters.JUnitReportReporter -->
<testsuite hostname="DESKTOP-3BAIA4A" failures="0" tests="1" name="day7.Authentications" time="7.133" errors="0" timestamp="2025-09-05T02:27:26 IST" skipped="0">
  <testcase classname="day7.Authentications" name="testAPIkeyauthentication" time="7.133"/>
</testsuite> <!-- day7.Authentications -->
