<?xml version="1.0" encoding="UTF-8"?>
<!-- Generated by org.testng.reporters.JUnitReportReporter -->
<testsuite hostname="DESKTOP-3BAIA4A" failures="0" tests="1" name="day3.PathAndQueryParameters" time="6.638" errors="0" timestamp="2025-09-03T01:51:51 IST" skipped="0">
  <testcase classname="day3.PathAndQueryParameters" name="TestQueryAndPathParameters" time="6.638"/>
</testsuite> <!-- day3.PathAndQueryParameters -->
