<?xml version="1.0" encoding="UTF-8"?>
<!-- Generated by org.testng.reporters.JUnitReportReporter -->
<testsuite hostname="DESKTOP-3BAIA4A" failures="0" tests="1" name="day8.DeleteUser" time="0.778" errors="0" timestamp="2025-09-05T04:43:17 IST" skipped="0">
  <testcase classname="day8.DeleteUser" name="testDeleteUser" time="0.778"/>
</testsuite> <!-- day8.DeleteUser -->
