<?xml version="1.0" encoding="UTF-8"?>
<!-- Generated by org.testng.reporters.JUnitReportReporter -->
<testsuite hostname="DESKTOP-3BAIA4A" failures="0" tests="1" name="day6.Serialization_DeSerialization" time="5.549" errors="0" timestamp="2025-09-05T01:31:59 IST" skipped="0">
  <testcase classname="day6.Serialization_DeSerialization" name="convertJSON2POJO" time="5.549"/>
</testsuite> <!-- day6.Serialization_DeSerialization -->
