<?xml version="1.0" encoding="UTF-8"?>
<!-- Generated by org.testng.reporters.JUnitReportReporter -->
<testsuite hostname="DESKTOP-3BAIA4A" failures="0" tests="1" name="day3.HeadersDemo" time="6.185" errors="0" timestamp="2025-09-03T02:23:18 IST" skipped="0">
  <testcase classname="day3.HeadersDemo" name="GetHeadersInfo" time="6.185"/>
</testsuite> <!-- day3.HeadersDemo -->
