<?xml version="1.0" encoding="UTF-8"?>
<!-- Generated by org.testng.reporters.JUnitReportReporter -->
<testsuite hostname="DESKTOP-3BAIA4A" failures="0" tests="1" name="day3.CookiesDemo" time="6.172" errors="0" timestamp="2025-09-03T02:09:11 IST" skipped="0">
  <testcase classname="day3.CookiesDemo" name="getCookiesInfo" time="6.172"/>
</testsuite> <!-- day3.CookiesDemo -->
