<?xml version="1.0" encoding="UTF-8"?>
<!-- Generated by org.testng.reporters.JUnitReportReporter -->
<testsuite hostname="DESKTOP-3BAIA4A" failures="0" tests="2" name="day5.FileUploadAndDownload" time="8.062" errors="0" timestamp="2025-09-04T23:39:48 IST" skipped="0">
  <testcase classname="day5.FileUploadAndDownload" name="singleFileUpload" time="7.871"/>
  <testcase classname="day5.FileUploadAndDownload" name="testDownloadFile" time="0.191"/>
</testsuite> <!-- day5.FileUploadAndDownload -->
