<?xml version="1.0" encoding="UTF-8"?>
<!-- Generated by org.testng.reporters.JUnitReportReporter -->
<testsuite hostname="DESKTOP-3BAIA4A" failures="0" tests="4" name="day1.Http_Requests" time="19.124" errors="0" timestamp="2025-09-03T00:05:15 IST" skipped="0">
  <testcase classname="day1.Http_Requests" name="getUsers" time="14.654"/>
  <testcase classname="day1.Http_Requests" name="createUser" time="3.170"/>
  <testcase classname="day1.Http_Requests" name="updateUser" time="0.677"/>
  <testcase classname="day1.Http_Requests" name="deleteUser" time="0.623"/>
</testsuite> <!-- day1.Http_Requests -->
